[07/18/2022 17:17:42] Debug: Session id: b0b17ef5-4178-45f8-b2a5-e6a2dd3b7222
[07/18/2022 17:17:42] Debug: Code Processor information: Name :SnowConvert, Version: 7.9.154.0
[07/18/2022 17:17:43] Debug: Getting license
[07/18/2022 17:17:43] Debug: License information
	Status: Failed
	Message: No active license available.
[07/18/2022 17:17:43] Info: Starting to validate parameters
[07/18/2022 17:17:43] Info: Parameters to validate: 
	Execution mode: Conversion
[07/18/2022 17:17:43] Info: Validation of parameters: Success
[07/18/2022 17:17:43] Debug: Getting code descriptor
[07/18/2022 17:17:43] Debug: Code descriptor information
	Units: 51
	Units type: LOC
	All file bytes: 2141
	All found extensions: .sql,.dml,.ddl,.bteq,.btq,.fl,.fload,.ml,.mload,.mld,.tp,.tpump,.tpt
[07/18/2022 17:17:43] Debug: Calculating fingerprint
[07/18/2022 17:17:43] Debug: Fingerprint information Fingerprint(size=2141,projects=1)
[07/18/2022 17:17:43] Info: Starting to try to validate online license for execution
[07/18/2022 17:17:45] Debug: Getting license
[07/18/2022 17:17:45] Debug: License information
	Status: Failed
	Message: No active license available.
[07/18/2022 17:17:45] Debug: Starting the execution of the controller
[07/18/2022 17:17:45] Debug: Executing the worker: SnowConvert
[07/18/2022 17:18:00] Debug: Finished executing the worker: SnowConvert
[07/18/2022 17:18:02] Info: Controller execution ended
